d:\신중은\winapi_portfolio\winapi_portfolio\x64\debug\vc143.pdb
d:\신중은\winapi_portfolio\winapi_portfolio\x64\debug\vc143.idb
d:\신중은\winapi_portfolio\winapi_portfolio\x64\debug\ctrigger.obj
d:\신중은\winapi_portfolio\winapi_portfolio\x64\debug\cplayer.obj
d:\신중은\winapi_portfolio\winapi_portfolio\x64\debug\cstartlevel.obj
d:\신중은\winapi_portfolio\winapi_portfolio\x64\debug\csoldierstagelevel.obj
d:\신중은\winapi_portfolio\winapi_portfolio\x64\debug\clevelmgr.obj
d:\신중은\winapi_portfolio\winapi_portfolio\x64\debug\clevel.obj
d:\신중은\winapi_portfolio\winapi_portfolio\x64\debug\cghoststagelevel.obj
d:\신중은\winapi_portfolio\winapi_portfolio\x64\debug\ceventmgr.obj
d:\신중은\winapi_portfolio\winapi_portfolio\x64\debug\cendlevel.obj
d:\신중은\winapi_portfolio\winapi_portfolio\x64\debug\cdeathofficelevel.obj
d:\신중은\winapi_portfolio\winapi_portfolio\x64\debug\ccollisionmgr.obj
d:\신중은\winapi_portfolio\winapi_portfolio\x64\debug\cboss2level.obj
d:\신중은\winapi_portfolio\winapi_portfolio\x64\debug\cboss1level.obj
d:\신중은\winapi_portfolio\winapi_portfolio\x64\debug\clinecollider.obj
d:\신중은\winapi_portfolio\winapi_portfolio\x64\debug\cground.obj
d:\신중은\winapi_portfolio\winapi_portfolio\x64\debug\centity.obj
d:\신중은\winapi_portfolio\winapi_portfolio\x64\debug\cengine.obj
d:\신중은\winapi_portfolio\winapi_portfolio\x64\debug\ceffectobject.obj
d:\신중은\winapi_portfolio\winapi_portfolio\x64\debug\ccomponent.obj
d:\신중은\winapi_portfolio\winapi_portfolio\x64\debug\ccollider.obj
d:\신중은\winapi_portfolio\winapi_portfolio\x64\debug\cbackgroundobject.obj
d:\신중은\winapi_portfolio\winapi_portfolio\x64\debug\cbackground.obj
d:\신중은\winapi_portfolio\winapi_portfolio\x64\debug\canimator.obj
d:\신중은\winapi_portfolio\winapi_portfolio\x64\debug\canimation.obj
d:\신중은\winapi_portfolio\winapi_portfolio\x64\debug\func.obj
d:\신중은\winapi_portfolio\winapi_portfolio\x64\debug\ctexture.obj
d:\신중은\winapi_portfolio\winapi_portfolio\x64\debug\csquarecollider.obj
d:\신중은\winapi_portfolio\winapi_portfolio\x64\debug\crigidbody.obj
d:\신중은\winapi_portfolio\winapi_portfolio\x64\debug\cresourcemgr.obj
d:\신중은\winapi_portfolio\winapi_portfolio\x64\debug\cresource.obj
d:\신중은\winapi_portfolio\winapi_portfolio\x64\debug\cobject.obj
d:\신중은\winapi_portfolio\winapi_portfolio\x64\debug\cnpc.obj
d:\신중은\winapi_portfolio\winapi_portfolio\x64\debug\cmonster.obj
d:\신중은\winapi_portfolio\winapi_portfolio\x64\debug\ckeymgr.obj
d:\신중은\winapi_portfolio\winapi_portfolio\x64\debug\ccameramgr.obj
d:\신중은\winapi_portfolio\winapi_portfolio\x64\debug\pch.obj
d:\신중은\winapi_portfolio\winapi_portfolio\x64\debug\winapi_portfolio.obj
d:\신중은\winapi_portfolio\winapi_portfolio\x64\debug\ctimemgr.obj
d:\신중은\winapi_portfolio\winapi_portfolio\x64\debug\cpathmgr.obj
d:\신중은\winapi_portfolio\winapi_portfolio\x64\debug\cdialog.obj
d:\신중은\winapi_portfolio\winapi_portfolio\x64\debug\cblind.obj
d:\신중은\winapi_portfolio\outputfile\bin_d\winapi_portfolio.exe
d:\신중은\winapi_portfolio\winapi_portfolio\x64\debug\winapi_portfolio.ilk
d:\신중은\winapi_portfolio\outputfile\bin_d\winapi_portfolio.pdb
d:\신중은\winapi_portfolio\winapi_portfolio\x64\debug\winapi_portfolio.res
d:\신중은\winapi_portfolio\winapi_portfolio\x64\debug\cbackgroundtexture.obj
d:\신중은\winapi_portfolio\winapi_portfolio\x64\debug\canimation.obj.enc
d:\신중은\winapi_portfolio\winapi_portfolio\x64\debug\cblind.obj.enc
d:\신중은\winapi_portfolio\winapi_portfolio\x64\debug\ccollisionmgr.obj.enc
d:\신중은\winapi_portfolio\winapi_portfolio\x64\debug\cdeathofficelevel.obj.enc
d:\신중은\winapi_portfolio\winapi_portfolio\x64\debug\cdialog.obj.enc
d:\신중은\winapi_portfolio\winapi_portfolio\x64\debug\clinecollider.new.obj.enc
d:\신중은\winapi_portfolio\winapi_portfolio\x64\debug\cnpc.obj.enc
d:\신중은\winapi_portfolio\winapi_portfolio\x64\debug\cplayer.obj.enc
d:\신중은\winapi_portfolio\winapi_portfolio\x64\debug\winapi_portfolio.tlog\cl.command.1.tlog
d:\신중은\winapi_portfolio\winapi_portfolio\x64\debug\winapi_portfolio.tlog\cl.read.1.tlog
d:\신중은\winapi_portfolio\winapi_portfolio\x64\debug\winapi_portfolio.tlog\cl.write.1.tlog
d:\신중은\winapi_portfolio\winapi_portfolio\x64\debug\winapi_portfolio.tlog\link.command.1.tlog
d:\신중은\winapi_portfolio\winapi_portfolio\x64\debug\winapi_portfolio.tlog\link.read.1.tlog
d:\신중은\winapi_portfolio\winapi_portfolio\x64\debug\winapi_portfolio.tlog\link.write.1.tlog
d:\신중은\winapi_portfolio\winapi_portfolio\x64\debug\winapi_portfolio.tlog\rc.command.1.tlog
d:\신중은\winapi_portfolio\winapi_portfolio\x64\debug\winapi_portfolio.tlog\rc.read.1.tlog
d:\신중은\winapi_portfolio\winapi_portfolio\x64\debug\winapi_portfolio.tlog\rc.write.1.tlog
