d:\신중은\winapi_portfolio\winapi_portfolio\x64\release\vc143.pdb
d:\신중은\winapi_portfolio\winapi_portfolio\x64\release\cghostbook.obj
d:\신중은\winapi_portfolio\winapi_portfolio\x64\release\cforwardground.obj
d:\신중은\winapi_portfolio\winapi_portfolio\x64\release\ceventmgr.obj
d:\신중은\winapi_portfolio\winapi_portfolio\x64\release\centity.obj
d:\신중은\winapi_portfolio\winapi_portfolio\x64\release\cengine.obj
d:\신중은\winapi_portfolio\winapi_portfolio\x64\release\cendlevel.obj
d:\신중은\winapi_portfolio\winapi_portfolio\x64\release\ceffectobject.obj
d:\신중은\winapi_portfolio\winapi_portfolio\x64\release\cdialog.obj
d:\신중은\winapi_portfolio\winapi_portfolio\x64\release\cdeathofficelevel.obj
d:\신중은\winapi_portfolio\winapi_portfolio\x64\release\ccomponent.obj
d:\신중은\winapi_portfolio\winapi_portfolio\x64\release\ccollisionmgr.obj
d:\신중은\winapi_portfolio\winapi_portfolio\x64\release\ccollider.obj
d:\신중은\winapi_portfolio\winapi_portfolio\x64\release\ccameramgr.obj
d:\신중은\winapi_portfolio\winapi_portfolio\x64\release\cboss2level.obj
d:\신중은\winapi_portfolio\winapi_portfolio\x64\release\cboss1level.obj
d:\신중은\winapi_portfolio\winapi_portfolio\x64\release\cblind.obj
d:\신중은\winapi_portfolio\winapi_portfolio\x64\release\cbackgroundobject.obj
d:\신중은\winapi_portfolio\winapi_portfolio\x64\release\cbackground.obj
d:\신중은\winapi_portfolio\winapi_portfolio\x64\release\canimator.obj
d:\신중은\winapi_portfolio\winapi_portfolio\x64\release\canimation.obj
d:\신중은\winapi_portfolio\winapi_portfolio\x64\release\ctexture.obj
d:\신중은\winapi_portfolio\winapi_portfolio\x64\release\cstartlevel.obj
d:\신중은\winapi_portfolio\winapi_portfolio\x64\release\csquarecollider.obj
d:\신중은\winapi_portfolio\winapi_portfolio\x64\release\csoldierstagelevel.obj
d:\신중은\winapi_portfolio\winapi_portfolio\x64\release\crigidbody.obj
d:\신중은\winapi_portfolio\winapi_portfolio\x64\release\cresourcemgr.obj
d:\신중은\winapi_portfolio\winapi_portfolio\x64\release\cresource.obj
d:\신중은\winapi_portfolio\winapi_portfolio\x64\release\cplayer.obj
d:\신중은\winapi_portfolio\winapi_portfolio\x64\release\cpathmgr.obj
d:\신중은\winapi_portfolio\winapi_portfolio\x64\release\cobject.obj
d:\신중은\winapi_portfolio\winapi_portfolio\x64\release\cnpc.obj
d:\신중은\winapi_portfolio\winapi_portfolio\x64\release\cmonsterprojectile.obj
d:\신중은\winapi_portfolio\winapi_portfolio\x64\release\cmonster.obj
d:\신중은\winapi_portfolio\winapi_portfolio\x64\release\clevelmgr.obj
d:\신중은\winapi_portfolio\winapi_portfolio\x64\release\clevel.obj
d:\신중은\winapi_portfolio\winapi_portfolio\x64\release\ckeymgr.obj
d:\신중은\winapi_portfolio\winapi_portfolio\x64\release\clinecollider.obj
d:\신중은\winapi_portfolio\winapi_portfolio\x64\release\cground.obj
d:\신중은\winapi_portfolio\winapi_portfolio\x64\release\cghostwoman.obj
d:\신중은\winapi_portfolio\winapi_portfolio\x64\release\cghoststagelevel.obj
d:\신중은\winapi_portfolio\winapi_portfolio\x64\release\pch.obj
d:\신중은\winapi_portfolio\winapi_portfolio\x64\release\func.obj
d:\신중은\winapi_portfolio\winapi_portfolio\x64\release\cwall.obj
d:\신중은\winapi_portfolio\winapi_portfolio\x64\release\ctrigger.obj
d:\신중은\winapi_portfolio\winapi_portfolio\x64\release\ctimemgr.obj
d:\신중은\winapi_portfolio\winapi_portfolio\x64\release\winapi_portfolio.obj
d:\신중은\winapi_portfolio\outputfile\bin\winapi_portfolio.exe
d:\신중은\winapi_portfolio\winapi_portfolio\x64\release\winapi_portfolio.ipdb
d:\신중은\winapi_portfolio\outputfile\bin\winapi_portfolio.pdb
d:\신중은\winapi_portfolio\winapi_portfolio\x64\release\winapi_portfolio.iobj
d:\신중은\winapi_portfolio\winapi_portfolio\x64\release\winapi_portfolio.res
d:\신중은\winapi_portfolio\winapi_portfolio\x64\release\winapi_portfolio.pch
d:\신중은\winapi_portfolio\winapi_portfolio\x64\release\winapi_portfolio.tlog\cl.command.1.tlog
d:\신중은\winapi_portfolio\winapi_portfolio\x64\release\winapi_portfolio.tlog\cl.read.1.tlog
d:\신중은\winapi_portfolio\winapi_portfolio\x64\release\winapi_portfolio.tlog\cl.write.1.tlog
d:\신중은\winapi_portfolio\winapi_portfolio\x64\release\winapi_portfolio.tlog\link.command.1.tlog
d:\신중은\winapi_portfolio\winapi_portfolio\x64\release\winapi_portfolio.tlog\link.read.1.tlog
d:\신중은\winapi_portfolio\winapi_portfolio\x64\release\winapi_portfolio.tlog\link.write.1.tlog
d:\신중은\winapi_portfolio\winapi_portfolio\x64\release\winapi_portfolio.tlog\rc.command.1.tlog
d:\신중은\winapi_portfolio\winapi_portfolio\x64\release\winapi_portfolio.tlog\rc.read.1.tlog
d:\신중은\winapi_portfolio\winapi_portfolio\x64\release\winapi_portfolio.tlog\rc.write.1.tlog
